2026-01-01 14:42:42,670 | INFO | ------------------------------------------------------------
2026-01-01 14:42:42,671 | INFO | Scan started
2026-01-01 14:49:49,667 | INFO | ------------------------------------------------------------
2026-01-01 14:49:49,667 | INFO | Scan started
2026-01-01 14:51:59,536 | INFO | ------------------------------------------------------------
2026-01-01 14:51:59,536 | INFO | Scan started
2026-01-01 14:54:36,128 | INFO | ------------------------------------------------------------
2026-01-01 14:54:36,129 | INFO | Scan started
2026-01-01 14:56:15,461 | INFO | ------------------------------------------------------------
2026-01-01 14:56:15,462 | INFO | Scan started
2026-01-01 14:57:46,011 | INFO | ------------------------------------------------------------
2026-01-01 14:57:46,011 | INFO | Scan started
2026-01-01 14:59:42,468 | INFO | ------------------------------------------------------------
2026-01-01 14:59:42,468 | INFO | Scan started
2026-01-01 15:04:51,776 | INFO | ------------------------------------------------------------
2026-01-01 15:04:51,777 | INFO | Scan started
2026-01-01 15:06:17,560 | INFO | ------------------------------------------------------------
2026-01-01 15:06:17,560 | INFO | Scan started
2026-01-01 15:10:50,151 | INFO | ------------------------------------------------------------
2026-01-01 15:10:50,151 | INFO | Scan started
2026-01-01 15:11:54,590 | INFO | ------------------------------------------------------------
2026-01-01 15:11:54,590 | INFO | Scan started
2026-01-01 15:16:08,686 | INFO | ------------------------------------------------------------
2026-01-01 15:16:08,686 | INFO | Started
2026-01-01 15:16:33,476 | INFO | ('Backup and deletion of duplicates took:', '21 seconds')
2026-01-01 15:17:56,375 | INFO | ------------------------------------------------------------
2026-01-01 15:17:56,375 | INFO | Started
2026-01-01 15:19:18,199 | INFO | ------------------------------------------------------------
2026-01-01 15:19:18,200 | INFO | Started
2026-01-01 15:19:42,774 | INFO | Backup and deletion of duplicates took: 21 seconds
2026-01-01 15:26:34,479 | INFO | ------------------------------------------------------------
2026-01-01 15:26:34,481 | INFO | Started
2026-01-01 15:32:21,181 | INFO | ------------------------------------------------------------
2026-01-01 15:32:21,183 | INFO | Started
2026-01-01 15:33:29,898 | INFO | ------------------------------------------------------------
2026-01-01 15:33:29,899 | INFO | Started
2026-01-01 15:34:15,996 | INFO | ------------------------------------------------------------
2026-01-01 15:34:15,996 | INFO | Started
2026-01-01 15:34:21,779 | INFO | ------------------------------------------------------------
2026-01-01 15:34:21,780 | INFO | Started
2026-01-01 15:35:16,153 | INFO | ------------------------------------------------------------
2026-01-01 15:35:16,153 | INFO | Started
2026-01-01 15:38:51,193 | INFO | ------------------------------------------------------------
2026-01-01 15:38:51,194 | INFO | Started
2026-01-01 15:51:38,982 | INFO | ------------------------------------------------------------
2026-01-01 15:51:38,982 | INFO | Started
2026-01-01 15:58:28,291 | INFO | ------------------------------------------------------------
2026-01-01 15:58:28,292 | INFO | Started
2026-01-01 16:00:04,812 | INFO | ------------------------------------------------------------
2026-01-01 16:00:04,813 | INFO | Started
2026-01-01 16:02:59,195 | INFO | ------------------------------------------------------------
2026-01-01 16:02:59,197 | INFO | Started
2026-01-01 16:04:16,935 | INFO | ------------------------------------------------------------
2026-01-01 16:04:16,935 | INFO | Started
2026-01-01 16:04:39,763 | INFO | Execution duration: 21 seconds
2026-01-01 16:08:56,822 | INFO | ------------------------------------------------------------
2026-01-01 16:08:56,823 | INFO | Started
2026-01-01 16:14:32,436 | INFO | ------------------------------------------------------------
2026-01-01 16:14:32,436 | INFO | Started
2026-01-01 16:14:56,058 | INFO | Execution duration: 21 seconds
2026-01-01 16:16:41,479 | INFO | ------------------------------------------------------------
2026-01-01 16:16:41,479 | INFO | Started
2026-01-01 16:17:07,242 | INFO | Execution duration: 21.895 seconds
2026-01-01 16:26:01,589 | INFO | ------------------------------------------------------------
2026-01-01 16:26:01,589 | INFO | Started
2026-01-01 16:26:19,921 | INFO | Total messages deleted across all mailboxes: 0
2026-01-01 16:26:19,922 | INFO | Execution duration: 15.992 seconds
2026-01-01 16:32:17,053 | INFO | ------------------------------------------------------------
2026-01-01 16:32:17,054 | INFO | Started
2026-01-01 16:46:24,726 | INFO | Deleted 6547 duplicate messages from mbox W:/Thunderbird_start_23_10_04 - kopia\Inbox
2026-01-01 16:57:06,530 | INFO | Deleted 4418 duplicate messages from mbox W:/Thunderbird_start_23_10_04 - kopia\Sent
2026-01-01 16:57:07,053 | INFO | Deleted 30 duplicate messages from mbox W:/Thunderbird_start_23_10_04 - kopia\INBOX.sbd\2000
2026-01-01 16:57:08,147 | INFO | Deleted 135 duplicate messages from mbox W:/Thunderbird_start_23_10_04 - kopia\INBOX.sbd\2001
2026-01-01 16:57:10,061 | INFO | Deleted 446 duplicate messages from mbox W:/Thunderbird_start_23_10_04 - kopia\INBOX.sbd\2002
2026-01-01 16:57:20,616 | INFO | Deleted 203 duplicate messages from mbox W:/Thunderbird_start_23_10_04 - kopia\INBOX.sbd\2003
2026-01-01 16:57:32,273 | INFO | Deleted 343 duplicate messages from mbox W:/Thunderbird_start_23_10_04 - kopia\INBOX.sbd\2004
2026-01-01 16:57:36,189 | INFO | Deleted 750 duplicate messages from mbox W:/Thunderbird_start_23_10_04 - kopia\INBOX.sbd\2005
2026-01-01 16:58:13,901 | INFO | Deleted 470 duplicate messages from mbox W:/Thunderbird_start_23_10_04 - kopia\INBOX.sbd\2006
2026-01-01 16:58:24,015 | INFO | Deleted 289 duplicate messages from mbox W:/Thunderbird_start_23_10_04 - kopia\INBOX.sbd\2007
2026-01-01 16:58:35,127 | INFO | Deleted 1011 duplicate messages from mbox W:/Thunderbird_start_23_10_04 - kopia\INBOX.sbd\2008
2026-01-01 16:58:36,647 | INFO | Deleted 133 duplicate messages from mbox W:/Thunderbird_start_23_10_04 - kopia\Sent.sbd\2001
2026-01-01 16:58:38,384 | INFO | Deleted 123 duplicate messages from mbox W:/Thunderbird_start_23_10_04 - kopia\Sent.sbd\2002
2026-01-01 16:58:40,148 | INFO | Deleted 83 duplicate messages from mbox W:/Thunderbird_start_23_10_04 - kopia\Sent.sbd\2003
2026-01-01 16:58:51,002 | INFO | Deleted 313 duplicate messages from mbox W:/Thunderbird_start_23_10_04 - kopia\Sent.sbd\2004
2026-01-01 16:58:51,009 | INFO | Total messages deleted across all mailboxes: 15294
2026-01-01 16:58:51,020 | INFO | Execution duration: 26 minutes and 29.955 seconds
2026-01-01 17:03:49,864 | INFO | ------------------------------------------------------------
2026-01-01 17:03:49,864 | INFO | Started
2026-01-01 17:03:54,565 | INFO | Folder selected:
W:/Thunderbird_start_23_10_04 - kopia

2026-01-01 17:06:30,459 | INFO | Backup created:
 W:\Plugga\2024-2025\BI\Python\Thunderbird_Deduper\mail_folder_backups\ThunderB_Mail_Folder_Backup_20260101_17_03_54.zip

2026-01-01 17:14:59,018 | INFO | Deleted 1 duplicate messages from mbox W:/Thunderbird_start_23_10_04 - kopia\INBOX.sbd\2006
2026-01-01 17:15:15,903 | INFO | Total duplicate messages deleted across all mailboxes: 1
2026-01-01 17:15:15,903 | INFO | Execution duration: 11 minutes and 21.376 seconds
2026-01-01 17:28:58,568 | INFO | ------------------------------------------------------------
2026-01-01 17:28:58,569 | INFO | Started
2026-01-01 17:29:02,816 | INFO | Folder selected:W:/Thunderbird_start_23_10_04 - kopia
2026-01-01 17:31:34,872 | INFO | Backup created: W:\Plugga\2024-2025\BI\Python\Thunderbird_Deduper\mail_folder_backups\ThunderB_Mail_Folder_Backup_20260101_17_29_02.zip
2026-01-01 17:37:28,040 | INFO | Total duplicate messages deleted across all mailboxes: 0
2026-01-01 17:37:28,048 | INFO | Execution duration: 8 minutes and 26.104 seconds
2026-01-01 17:43:53,279 | INFO | ------------------------------------------------------------
2026-01-01 17:43:53,279 | INFO | Started
2026-01-01 17:43:58,087 | INFO | Folder selected: W:/Thunderbird_start_23_10_04 - kopia
2026-01-01 17:46:17,187 | INFO | Backup created: W:\Plugga\2024-2025\BI\Python\Thunderbird_Deduper\mail_folder_backups\ThunderB_Mail_Folder_Backup_20260101_17_43_58.zip
2026-01-01 17:52:05,989 | INFO | Total duplicate messages deleted across all mailboxes: 0
2026-01-01 17:52:05,998 | INFO | Execution duration: 8 minutes and 7.942 seconds
2026-01-01 17:59:05,259 | INFO | ------------------------------------------------------------
2026-01-01 17:59:05,260 | INFO | Started
2026-01-01 18:04:08,315 | INFO | ------------------------------------------------------------
2026-01-01 18:04:08,315 | INFO | Started
2026-01-01 18:04:12,521 | INFO | Folder selected: W:/Thunderbird_start_23_10_04 - kopia
2026-01-01 18:04:59,242 | INFO | ------------------------------------------------------------
2026-01-01 18:04:59,242 | INFO | Started
2026-01-01 18:05:07,413 | INFO | Folder selected: W:/Thunderbird_start_23_10_04 - kopia
2026-01-01 18:07:31,211 | INFO | Backup created: W:\Plugga\2024-2025\BI\Python\Thunderbird_Deduper\mail_folder_backups\ThunderB_Mail_Folder_Backup_20260101_18_05_07.zip
2026-01-01 18:23:59,724 | INFO | ------------------------------------------------------------
2026-01-01 18:23:59,724 | INFO | Started
2026-01-01 18:24:02,747 | INFO | Folder selected: W:/Thunderbird_start_23_10_04 - kopia
2026-01-01 18:26:15,863 | INFO | Backup created: W:\Plugga\2024-2025\BI\Python\Thunderbird_Deduper\mail_folder_backups\ThunderB_Mail_Folder_Backup_20260101_18_24_02.zip
2026-01-01 18:32:00,808 | INFO | Total duplicate messages deleted across all mailboxes: 0
2026-01-01 18:32:00,817 | INFO | Execution duration: 7 minutes and 58.101 seconds
2026-01-01 18:36:32,565 | INFO | ------------------------------------------------------------
2026-01-01 18:36:32,565 | INFO | Started
2026-01-01 18:36:36,757 | INFO | Folder selected: W:/Thunderbird_start_23_10_04 - kopia
2026-01-01 18:39:12,166 | INFO | Backup created: W:\Plugga\2024-2025\BI\Python\Thunderbird_Deduper\mail_folder_backups\ThunderB_Mail_Folder_Backup_20260101_18_36_36.zip
2026-01-01 18:45:52,649 | INFO | Total duplicate messages deleted across all mailboxes: 0
2026-01-01 18:45:52,657 | INFO | Execution duration: 9 minutes and 15.931 seconds
2026-01-01 18:51:22,413 | INFO | ------------------------------------------------------------
2026-01-01 18:51:22,413 | INFO | Started
2026-01-01 18:51:41,367 | INFO | Folder selected: W:/Thunderbird_start_23_10_04 - kopia
2026-01-01 18:54:09,591 | INFO | Backup created: W:\Plugga\2024-2025\BI\Python\Thunderbird_Deduper\mail_folder_backups\ThunderB_Mail_Folder_Backup_20260101_18_51_41.zip
2026-01-01 19:00:31,436 | INFO | Total duplicate messages deleted across all mailboxes: 0
2026-01-01 19:00:31,444 | INFO | Execution duration: 8 minutes and 50.111 seconds
2026-01-02 14:39:56,525 | INFO | ------------------------------------------------------------
2026-01-02 14:39:56,534 | INFO | Started
2026-01-02 14:40:05,514 | INFO | Folder selected: W:/Thunderbird_start_23_10_04 - kopia
2026-01-02 14:43:42,548 | INFO | Backup created: W:\Plugga\2024-2025\BI\Python\Thunderbird_Deduper\mail_folder_backups\ThunderB_Mail_Folder_Backup_20260102_14_40_05.zip
2026-01-02 14:52:20,145 | INFO | Total duplicate messages deleted across all mailboxes: 0
2026-01-02 14:52:20,177 | INFO | Execution duration: 12 minutes and 17.919 seconds
2026-01-02 15:04:49,051 | INFO | ------------------------------------------------------------
2026-01-02 15:04:49,052 | INFO | Started
2026-01-02 15:04:52,522 | INFO | Folder selected: W:/Thunderbird_start_23_10_04 - kopia
2026-01-02 15:09:31,761 | INFO | Backup created: W:\Plugga\2024-2025\BI\Python\Thunderbird_Deduper\mail_folder_backups\ThunderB_Mail_Folder_Backup_20260102_15_04_52.zip
2026-01-02 15:15:29,852 | INFO | Total duplicate messages deleted across all mailboxes: 0
2026-01-02 15:16:10,316 | INFO | Execution duration: 11 minutes and 18.87 seconds
2026-01-02 15:16:10,317 | INFO | Done
2026-01-02 15:23:07,778 | INFO | ------------------------------------------------------------
2026-01-02 15:23:07,778 | INFO | Started
2026-01-02 15:23:12,968 | INFO | Folder selected: W:/Thunderbird_start_23_10_04 - kopia
2026-01-02 15:26:44,813 | INFO | ------------------------------------------------------------
2026-01-02 15:26:44,813 | INFO | Started
2026-01-02 15:27:52,069 | INFO | ------------------------------------------------------------
2026-01-02 15:27:52,069 | INFO | Started
2026-01-02 15:33:05,859 | INFO | ------------------------------------------------------------
2026-01-02 15:33:05,859 | INFO | Started
2026-01-02 15:33:58,906 | INFO | ------------------------------------------------------------
2026-01-02 15:33:58,906 | INFO | Started
2026-01-02 15:35:40,213 | INFO | ------------------------------------------------------------
2026-01-02 15:35:40,213 | INFO | Started
2026-01-02 15:36:11,398 | INFO | ------------------------------------------------------------
2026-01-02 15:36:11,398 | INFO | Started
2026-01-02 15:36:15,685 | INFO | Folder selected: W:/Thunderbird_start_23_10_04 - kopia
2026-01-02 15:37:46,381 | INFO | ------------------------------------------------------------
2026-01-02 15:37:46,381 | INFO | Started
2026-01-02 15:37:50,890 | INFO | Folder selected: W:/Thunderbird_start_23_10_04 - kopia
2026-01-02 15:49:25,787 | INFO | ------------------------------------------------------------
2026-01-02 15:49:25,787 | INFO | Started
2026-01-02 15:49:35,584 | INFO | Folder selected: W:/Thunderbird_start_23_10_04 - kopia
2026-01-02 15:50:25,276 | INFO | ------------------------------------------------------------
2026-01-02 15:50:25,277 | INFO | Started
2026-01-02 15:50:27,453 | INFO | Folder selected: W:/Thunderbird_start_23_10_04 - kopia
2026-01-02 15:53:09,760 | INFO | Backup created: W:\Plugga\2024-2025\BI\Python\Thunderbird_Deduper\mail_folder_backups\ThunderB_Mail_Folder_Backup_20260102_15_50_27.zip
2026-01-02 15:59:38,678 | INFO | Total duplicate messages deleted across all mailboxes: 0
2026-01-02 15:59:44,696 | INFO | Finished. Execution duration: 9 minutes and 17.281 seconds
2026-01-02 16:23:03,958 | INFO | ------------------------------------------------------------
2026-01-02 16:23:03,958 | INFO | Started
2026-01-02 16:23:47,451 | INFO | Folder selected: W:/Thunderbird_start_23_10_04 - kopia
2026-01-02 16:26:28,962 | INFO | Backup created: W:\Plugga\2024-2025\BI\Python\Thunderbird_Deduper\mail_folder_backups\ThunderB_Mail_Folder_Backup_20260102_16_23_47.zip
2026-01-02 16:38:45,699 | INFO | ------------------------------------------------------------
2026-01-02 16:38:45,699 | INFO | Started
2026-01-02 16:39:00,427 | INFO | Folder selected: W:/Thunderbird_start_23_10_04 - kopia
2026-01-02 16:41:31,209 | INFO | Backup created: W:\Plugga\2024-2025\BI\Python\Thunderbird_Deduper\mail_folder_backups\ThunderB_Mail_Folder_Backup_20260102_16_39_00.zip
2026-01-02 16:53:25,828 | INFO | ------------------------------------------------------------
2026-01-02 16:53:25,829 | INFO | Started
2026-01-02 16:55:06,581 | INFO | Folder selected: W:/Thunderbird_start_23_10_04 - kopia
2026-01-02 16:57:31,935 | INFO | Backup created: W:\Plugga\2024-2025\BI\Python\Thunderbird_Deduper\mail_folder_backups\ThunderB_Mail_Folder_Backup_20260102_16_55_06.zip
2026-01-02 17:19:43,916 | INFO | ------------------------------------------------------------
2026-01-02 17:19:43,916 | INFO | Started
2026-01-02 17:19:51,284 | INFO | Folder selected: W:/Thunderbird_start_23_10_04 - kopia
2026-01-02 17:22:17,838 | INFO | Backup created: W:\Plugga\2024-2025\BI\Python\Thunderbird_Deduper\mail_folder_backups\ThunderB_Mail_Folder_Backup_20260102_17_19_51.zip
2026-01-02 17:28:54,875 | CRITICAL | Uncaught exception
Traceback (most recent call last):
  File "w:\Plugga\2024-2025\BI\Python\Thunderbird_Deduper\app_gui.py", line 225, in start_scan
    mboxes, msg_for_output_box, total_messages_deleted = process_mboxes(mboxes, self.progress_bar)
                                                        ^^^^^^^^^^^^^^^^^^^^^^^^^^^^^^^^^^^^^^^^^
  File "w:\Plugga\2024-2025\BI\Python\Thunderbird_Deduper\functions\process_mboxes.py", line 25, in process_mboxes
    mbox, msg, messages_deleted = process_one_mbox(mbox)
                                  ^^^^^^^^^^^^^^^^^^^^^^
  File "w:\Plugga\2024-2025\BI\Python\Thunderbird_Deduper\functions\process_1_mbox.py", line 16, in process_one_mbox
    mbox = mailbox.mbox(mbox_path) # ///////////////////////////////////////
           ^^^^^^^^^^^^^^^^^^^^^^^
  File "d:\anaconda3\envs\thunderbird_deduper\Lib\mailbox.py", line 855, in __init__
    _mboxMMDF.__init__(self, path, factory, create)
  File "d:\anaconda3\envs\thunderbird_deduper\Lib\mailbox.py", line 582, in __init__
    Mailbox.__init__(self, path, factory, create)
  File "d:\anaconda3\envs\thunderbird_deduper\Lib\mailbox.py", line 39, in __init__
    self._path = os.path.abspath(os.path.expanduser(path))
                                 ^^^^^^^^^^^^^^^^^^^^^^^^
  File "<frozen ntpath>", line 355, in expanduser
TypeError: expected str, bytes or os.PathLike object, not mbox
2026-01-02 17:33:27,960 | INFO | ------------------------------------------------------------
2026-01-02 17:33:27,960 | INFO | Started
2026-01-02 17:33:31,526 | INFO | Folder selected: W:/Thunderbird_start_23_10_04 - kopia
2026-01-02 17:36:03,918 | INFO | Backup created: W:\Plugga\2024-2025\BI\Python\Thunderbird_Deduper\mail_folder_backups\ThunderB_Mail_Folder_Backup_20260102_17_33_31.zip
2026-01-02 17:42:22,215 | CRITICAL | Uncaught exception
Traceback (most recent call last):
  File "w:\Plugga\2024-2025\BI\Python\Thunderbird_Deduper\app_gui.py", line 225, in start_scan
    mboxes, msg_for_output_box, total_messages_deleted = process_mboxes(mboxes, self.progress_bar)
                                                        ^^^^^^^^^^^^^^^^^^^^^^^^^^^^^^^^^^^^^^^^^
  File "w:\Plugga\2024-2025\BI\Python\Thunderbird_Deduper\functions\process_mboxes.py", line 25, in process_mboxes
    mbox, msg, messages_deleted = process_one_mbox(mbox)
                                  ^^^^^^^^^^^^^^^^^^^^^^
  File "w:\Plugga\2024-2025\BI\Python\Thunderbird_Deduper\functions\process_1_mbox.py", line 16, in process_one_mbox
    mbox = mailbox.mbox(mbox_path) # ///////////////////////////////////////
           ^^^^^^^^^^^^^^^^^^^^^^^
  File "d:\anaconda3\envs\thunderbird_deduper\Lib\mailbox.py", line 855, in __init__
    _mboxMMDF.__init__(self, path, factory, create)
  File "d:\anaconda3\envs\thunderbird_deduper\Lib\mailbox.py", line 582, in __init__
    Mailbox.__init__(self, path, factory, create)
  File "d:\anaconda3\envs\thunderbird_deduper\Lib\mailbox.py", line 39, in __init__
    self._path = os.path.abspath(os.path.expanduser(path))
                                 ^^^^^^^^^^^^^^^^^^^^^^^^
  File "<frozen ntpath>", line 355, in expanduser
TypeError: expected str, bytes or os.PathLike object, not mbox
2026-01-02 18:15:50,742 | INFO | ------------------------------------------------------------
2026-01-02 18:15:50,745 | INFO | Started
2026-01-02 18:16:19,167 | INFO | Folder selected: W:/Thunderbird_start_23_10_04 - kopia
2026-01-02 18:19:17,380 | INFO | Backup created: W:\Plugga\2024-2025\BI\Python\Thunderbird_Deduper\mail_folder_backups\ThunderB_Mail_Folder_Backup_20260102_18_16_19.zip
2026-01-02 18:26:51,680 | INFO | Total duplicate messages deleted across all mailboxes: 0
2026-01-02 18:26:51,710 | INFO | Finished. Execution duration: 10 minutes and 35.414 seconds
2026-01-02 18:43:54,943 | INFO | ------------------------------------------------------------
2026-01-02 18:43:54,943 | INFO | Started
2026-01-02 18:52:04,208 | INFO | ------------------------------------------------------------
2026-01-02 18:52:04,208 | INFO | Started
2026-01-02 18:52:10,773 | INFO | Folder selected: W:/Thunderbird_start_23_10_04 - kopia
2026-01-02 18:57:55,554 | INFO | Backup created: W:\Plugga\2024-2025\BI\Python\Thunderbird_Deduper\mail_folder_backups\ThunderB_Mail_Folder_Backup_20260102_18_52_10.zip
2026-01-02 19:02:38,821 | INFO | Deleted 6547 duplicate messages from mbox W:/Thunderbird_start_23_10_04 - kopia\Inbox
2026-01-02 19:11:11,162 | INFO | Deleted 4418 duplicate messages from mbox W:/Thunderbird_start_23_10_04 - kopia\Sent
2026-01-02 19:11:11,794 | INFO | Deleted 30 duplicate messages from mbox W:/Thunderbird_start_23_10_04 - kopia\INBOX.sbd\2000
2026-01-02 19:11:13,082 | INFO | Deleted 135 duplicate messages from mbox W:/Thunderbird_start_23_10_04 - kopia\INBOX.sbd\2001
2026-01-02 19:11:15,003 | INFO | Deleted 446 duplicate messages from mbox W:/Thunderbird_start_23_10_04 - kopia\INBOX.sbd\2002
2026-01-02 19:11:24,124 | INFO | Deleted 203 duplicate messages from mbox W:/Thunderbird_start_23_10_04 - kopia\INBOX.sbd\2003
2026-01-02 19:11:35,211 | INFO | Deleted 343 duplicate messages from mbox W:/Thunderbird_start_23_10_04 - kopia\INBOX.sbd\2004
2026-01-02 19:11:40,099 | INFO | Deleted 750 duplicate messages from mbox W:/Thunderbird_start_23_10_04 - kopia\INBOX.sbd\2005
2026-01-02 19:12:15,564 | INFO | Deleted 470 duplicate messages from mbox W:/Thunderbird_start_23_10_04 - kopia\INBOX.sbd\2006
2026-01-02 19:12:26,736 | INFO | Deleted 289 duplicate messages from mbox W:/Thunderbird_start_23_10_04 - kopia\INBOX.sbd\2007
2026-01-02 19:12:36,161 | INFO | Deleted 1011 duplicate messages from mbox W:/Thunderbird_start_23_10_04 - kopia\INBOX.sbd\2008
2026-01-02 19:12:37,572 | INFO | Deleted 133 duplicate messages from mbox W:/Thunderbird_start_23_10_04 - kopia\Sent.sbd\2001
2026-01-02 19:12:39,318 | INFO | Deleted 123 duplicate messages from mbox W:/Thunderbird_start_23_10_04 - kopia\Sent.sbd\2002
2026-01-02 19:12:41,030 | INFO | Deleted 83 duplicate messages from mbox W:/Thunderbird_start_23_10_04 - kopia\Sent.sbd\2003
2026-01-02 19:12:50,345 | INFO | Deleted 313 duplicate messages from mbox W:/Thunderbird_start_23_10_04 - kopia\Sent.sbd\2004
2026-01-02 19:12:50,357 | INFO | Total duplicate messages deleted across all mailboxes: 15294
2026-01-02 19:12:50,367 | INFO | Finished. Execution duration: 20 minutes and 40.54 seconds
2026-01-02 19:16:41,584 | INFO | ------------------------------------------------------------
2026-01-02 19:16:41,584 | INFO | Started
2026-01-02 19:16:45,766 | INFO | Folder selected: W:/Thunderbird_start_23_10_04 - kopia
2026-01-02 19:19:32,433 | INFO | Backup created: W:\Plugga\2024-2025\BI\Python\Thunderbird_Deduper\mail_folder_backups\ThunderB_Mail_Folder_Backup_20260102_19_16_45.zip
2026-01-02 19:27:25,171 | INFO | Deleted 1 duplicate messages from mbox W:/Thunderbird_start_23_10_04 - kopia\INBOX.sbd\2006
2026-01-02 19:27:46,110 | INFO | Total duplicate messages deleted across all mailboxes: 1
2026-01-02 19:28:09,381 | INFO | Finished. Execution duration: 11 minutes and 23.671 seconds
2026-01-02 19:32:09,996 | INFO | ------------------------------------------------------------
2026-01-02 19:32:09,996 | INFO | Started
2026-01-02 19:32:17,453 | INFO | Folder selected: W:/Thunderbird_start_23_10_04 - kopia
2026-01-02 19:36:27,357 | INFO | ------------------------------------------------------------
2026-01-02 19:36:27,357 | INFO | Started
2026-01-02 19:36:43,784 | INFO | ------------------------------------------------------------
2026-01-02 19:36:43,785 | INFO | Started
2026-01-02 19:37:50,662 | CRITICAL | Uncaught exception
Traceback (most recent call last):
  File "w:\Plugga\2024-2025\BI\Python\Thunderbird_Deduper\app_gui.py", line 203, in start_scan
    self.browse_button.setEnabled(False)
    ^^^^^^^^^^^^^^^^^^
AttributeError: 'MainWindow' object has no attribute 'browse_button'
2026-01-02 19:47:36,267 | INFO | ------------------------------------------------------------
2026-01-02 19:47:36,288 | INFO | Started
2026-01-02 19:47:41,408 | INFO | Folder selected: W:/Thunderbird_start_23_10_04 - kopia
2026-01-02 19:50:40,876 | INFO | Backup created: W:\Plugga\2024-2025\BI\Python\Thunderbird_Deduper\mail_folder_backups\ThunderB_Mail_Folder_Backup_20260102_19_47_41.zip
2026-01-02 21:26:54,056 | INFO | ------------------------------------------------------------
2026-01-02 21:26:54,112 | INFO | Started
2026-01-02 21:27:01,491 | INFO | Folder selected: W:/Thunderbird_start_23_10_04 - kopia
2026-01-02 21:29:16,884 | INFO | Backup created: W:\Plugga\2024-2025\BI\Python\Thunderbird_Deduper\mail_folder_backups\ThunderB_Mail_Folder_Backup_20260102_21_27_01.zip
2026-01-03 13:45:22,447 | INFO | ------------------------------------------------------------
2026-01-03 13:45:22,448 | INFO | Started
2026-01-03 13:45:31,938 | INFO | Folder selected: W:/Thunderbird_start_23_10_04 - kopia
2026-01-03 13:47:35,385 | INFO | Backup created: W:\Plugga\2024-2025\BI\Python\Thunderbird_Deduper\mail_folder_backups\ThunderB_Mail_Folder_Backup_20260103_13_45_32.zip
2026-01-03 13:48:53,145 | CRITICAL | Uncaught exception
Traceback (most recent call last):
  File "d:\anaconda3\envs\thunderbird_deduper\Lib\mailbox.py", line 2089, in _lock_file
    os.link(pre_lock.name, f.name + '.lock')
FileExistsError: [WinError 183] Det går inte att skapa en fil som redan finns: 'W:\\Thunderbird_start_23_10_04 - kopia\\Inbox.lock.1767444533.STEFANS-Dator-2024.2056' -> 'W:\\Thunderbird_start_23_10_04 - kopia\\Inbox.lock'

During handling of the above exception, another exception occurred:

Traceback (most recent call last):
  File "w:\Plugga\2024-2025\BI\Python\Thunderbird_Deduper\app_gui.py", line 265, in start_scan
    mboxes, msg_for_output_box, total_messages_deleted = process_mboxes(mboxes, self.progress_bar)
                                                        ^^^^^^^^^^^^^^^^^^^^^^^^^^^^^^^^^^^^^^^^^
  File "w:\Plugga\2024-2025\BI\Python\Thunderbird_Deduper\functions\process_mboxes.py", line 25, in process_mboxes
    mbox, msg, messages_deleted = process_one_mbox(mbox)
                                  ^^^^^^^^^^^^^^^^^^^^^^
  File "w:\Plugga\2024-2025\BI\Python\Thunderbird_Deduper\functions\process_1_mbox.py", line 49, in process_one_mbox
    write_mbox_file(mbox_path, all_messages)
  File "w:\Plugga\2024-2025\BI\Python\Thunderbird_Deduper\functions\replace_mbox_file.py", line 20, in write_mbox_file
    mbox.lock()
  File "d:\anaconda3\envs\thunderbird_deduper\Lib\mailbox.py", line 643, in lock
    _lock_file(self._file)
  File "d:\anaconda3\envs\thunderbird_deduper\Lib\mailbox.py", line 2098, in _lock_file
    raise ExternalClashError('dot lock unavailable: %s' %
mailbox.ExternalClashError: dot lock unavailable: W:\Thunderbird_start_23_10_04 - kopia\Inbox
2026-01-03 13:51:05,262 | INFO | ------------------------------------------------------------
2026-01-03 13:51:05,264 | INFO | Started
2026-01-03 13:51:14,927 | INFO | Folder selected: W:/Thunderbird_start_23_10_04 - kopia
2026-01-03 13:52:45,991 | INFO | Backup created: W:\Plugga\2024-2025\BI\Python\Thunderbird_Deduper\mail_folder_backups\ThunderB_Mail_Folder_Backup_20260103_13_51_14.zip
2026-01-03 14:01:07,209 | INFO | ------------------------------------------------------------
2026-01-03 14:01:07,210 | INFO | Started
2026-01-03 14:01:13,106 | INFO | Folder selected: W:/Thunderbird_start_23_10_04 - kopia
2026-01-03 14:02:45,662 | INFO | Backup created: W:\Plugga\2024-2025\BI\Python\Thunderbird_Deduper\mail_folder_backups\ThunderB_Mail_Folder_Backup_20260103_14_01_13.zip
2026-01-03 14:05:31,857 | ERROR | Error writing MBOX file W:/Thunderbird_start_23_10_04 - kopia\Sent: dot lock unavailable: W:\Thunderbird_start_23_10_04 - kopia\Sent
Traceback (most recent call last):
  File "d:\anaconda3\envs\thunderbird_deduper\Lib\mailbox.py", line 2089, in _lock_file
    os.link(pre_lock.name, f.name + '.lock')
FileExistsError: [WinError 183] Det går inte att skapa en fil som redan finns: 'W:\\Thunderbird_start_23_10_04 - kopia\\Sent.lock.1767445531.STEFANS-Dator-2024.5744' -> 'W:\\Thunderbird_start_23_10_04 - kopia\\Sent.lock'

During handling of the above exception, another exception occurred:

Traceback (most recent call last):
  File "w:\Plugga\2024-2025\BI\Python\Thunderbird_Deduper\functions\replace_mbox_file.py", line 22, in write_mbox_file
    mbox.lock()
  File "d:\anaconda3\envs\thunderbird_deduper\Lib\mailbox.py", line 643, in lock
    _lock_file(self._file)
  File "d:\anaconda3\envs\thunderbird_deduper\Lib\mailbox.py", line 2098, in _lock_file
    raise ExternalClashError('dot lock unavailable: %s' %
mailbox.ExternalClashError: dot lock unavailable: W:\Thunderbird_start_23_10_04 - kopia\Sent
2026-01-03 14:05:34,297 | INFO | Total duplicate messages deleted across all mailboxes: 0
2026-01-03 14:12:56,676 | INFO | Finished. Execution duration: 11 minutes and 43.602 seconds
2026-01-03 14:19:10,834 | INFO | ------------------------------------------------------------
2026-01-03 14:19:10,834 | INFO | Started
2026-01-03 14:19:14,611 | INFO | Folder selected: W:/Thunderbird_start_23_10_04 - kopia
2026-01-03 14:21:21,277 | INFO | ------------------------------------------------------------
2026-01-03 14:21:21,277 | INFO | Started
2026-01-03 14:21:48,908 | INFO | ------------------------------------------------------------
2026-01-03 14:21:48,908 | INFO | Started
2026-01-03 14:22:08,367 | INFO | ------------------------------------------------------------
2026-01-03 14:22:08,367 | INFO | Started
2026-01-03 14:30:37,088 | INFO | ------------------------------------------------------------
2026-01-03 14:30:37,088 | INFO | Started
2026-01-03 14:30:56,745 | INFO | ------------------------------------------------------------
2026-01-03 14:30:56,745 | INFO | Started
2026-01-03 14:31:05,037 | INFO | ------------------------------------------------------------
2026-01-03 14:31:05,037 | INFO | Started
2026-01-03 14:35:08,942 | INFO | ------------------------------------------------------------
2026-01-03 14:35:08,942 | INFO | Started
2026-01-03 14:35:21,173 | INFO | ------------------------------------------------------------
2026-01-03 14:35:21,173 | INFO | Started
2026-01-03 14:39:46,159 | INFO | ------------------------------------------------------------
2026-01-03 14:39:46,159 | INFO | Started
2026-01-03 14:43:10,284 | INFO | ------------------------------------------------------------
2026-01-03 14:43:10,284 | INFO | Started
2026-01-03 14:43:17,401 | INFO | Folder selected: W:/Thunderbird_start_23_10_04 - kopia
2026-01-03 14:43:32,658 | INFO | Backup created: W:\Plugga\2024-2025\BI\Python\Thunderbird_Deduper\mail_folder_backups\ThunderB_Mail_Folder_Backup_20260103_14_43_17.zip
2026-01-03 14:43:35,838 | INFO | Total duplicate messages deleted across all mailboxes: 0
2026-01-03 14:43:35,845 | INFO | Finished. Execution duration: 18.525 seconds
2026-01-03 14:44:16,300 | INFO | ------------------------------------------------------------
2026-01-03 14:44:16,300 | INFO | Started
2026-01-03 14:44:31,263 | INFO | Folder selected: W:/Thunderbird_start_23_10_04 - kopia
2026-01-03 14:45:15,100 | INFO | ------------------------------------------------------------
2026-01-03 14:45:15,101 | INFO | Started
2026-01-03 14:45:18,351 | INFO | Folder selected: W:/Thunderbird_start_23_10_04 - kopia
2026-01-03 14:46:44,581 | INFO | ------------------------------------------------------------
2026-01-03 14:46:44,582 | INFO | Started
2026-01-03 14:46:51,517 | INFO | Folder selected: W:/Thunderbird_start_23_10_04 - kopia
2026-01-03 14:47:04,120 | INFO | Backup created: W:\Plugga\2024-2025\BI\Python\Thunderbird_Deduper\mail_folder_backups\ThunderB_Mail_Folder_Backup_20260103_14_46_51.zip
2026-01-03 14:47:06,736 | INFO | Total duplicate messages deleted across all mailboxes: 0
2026-01-03 14:47:06,738 | INFO | Finished. Execution duration: 15.349 seconds
2026-01-03 14:50:32,942 | INFO | ------------------------------------------------------------
2026-01-03 14:50:32,942 | INFO | Started
2026-01-03 14:50:42,797 | INFO | Folder selected: W:/Thunderbird_start_23_10_04 - kopia
2026-01-03 14:50:55,650 | INFO | Backup created: W:\Plugga\2024-2025\BI\Python\Thunderbird_Deduper\mail_folder_backups\ThunderB_Mail_Folder_Backup_20260103_14_50_42.zip
2026-01-03 14:50:57,900 | INFO | Total duplicate messages deleted across all mailboxes: 0
2026-01-03 14:50:57,901 | INFO | Finished. Execution duration: 15.163 seconds
2026-01-03 14:51:08,799 | INFO | ------------------------------------------------------------
2026-01-03 14:51:08,799 | INFO | Started
2026-01-03 14:51:22,756 | INFO | Folder selected: W:/Thunderbird_start_23_10_04 - kopia
2026-01-03 14:51:36,990 | INFO | Backup created: W:\Plugga\2024-2025\BI\Python\Thunderbird_Deduper\mail_folder_backups\ThunderB_Mail_Folder_Backup_20260103_14_51_22.zip
2026-01-03 14:51:39,540 | INFO | Total duplicate messages deleted across all mailboxes: 0
2026-01-03 14:51:39,542 | INFO | Finished. Execution duration: 16.840 seconds
2026-01-03 14:51:47,629 | INFO | ------------------------------------------------------------
2026-01-03 14:51:47,631 | INFO | Started
2026-01-03 14:51:55,731 | INFO | Folder selected: W:/Thunderbird_start_23_10_04 - kopia
2026-01-03 14:52:08,392 | INFO | Backup created: W:\Plugga\2024-2025\BI\Python\Thunderbird_Deduper\mail_folder_backups\ThunderB_Mail_Folder_Backup_20260103_14_51_55.zip
2026-01-03 14:54:03,717 | INFO | ------------------------------------------------------------
2026-01-03 14:54:03,717 | INFO | Started
2026-01-03 14:54:05,610 | INFO | Folder selected: W:/Thunderbird_start_23_10_04 - kopia
2026-01-03 14:54:17,868 | INFO | Backup created: W:\Plugga\2024-2025\BI\Python\Thunderbird_Deduper\mail_folder_backups\ThunderB_Mail_Folder_Backup_20260103_14_54_05.zip
2026-01-03 14:54:20,375 | INFO | Total duplicate messages deleted across all mailboxes: 0
2026-01-03 14:54:20,377 | INFO | Finished. Execution duration: 14.798 seconds
2026-01-03 14:57:18,715 | INFO | ------------------------------------------------------------
2026-01-03 14:57:18,716 | INFO | Started
2026-01-03 14:57:25,645 | INFO | Folder selected: W:/Thunderbird_start_23_10_04 - kopia
2026-01-03 14:58:09,438 | INFO | ------------------------------------------------------------
2026-01-03 14:58:09,438 | INFO | Started
2026-01-03 14:59:18,761 | INFO | Folder selected: W:/Thunderbird_start_23_10_04 - kopia
2026-01-03 14:59:31,580 | INFO | Backup created: W:\Plugga\2024-2025\BI\Python\Thunderbird_Deduper\mail_folder_backups\ThunderB_Mail_Folder_Backup_20260103_14_59_18.zip
2026-01-03 14:59:34,619 | INFO | Total duplicate messages deleted across all mailboxes: 0
2026-01-03 14:59:34,620 | INFO | Finished. Execution duration: 15.897 seconds
2026-01-03 14:59:39,129 | INFO | ------------------------------------------------------------
2026-01-03 14:59:39,129 | INFO | Started
2026-01-03 15:00:21,814 | INFO | Folder selected: W:/Thunderbird_start_23_10_04 - kopia
2026-01-03 15:00:33,917 | INFO | Backup created: W:\Plugga\2024-2025\BI\Python\Thunderbird_Deduper\mail_folder_backups\ThunderB_Mail_Folder_Backup_20260103_15_00_21.zip
2026-01-03 15:00:36,318 | INFO | Total duplicate messages deleted across all mailboxes: 0
2026-01-03 15:00:36,320 | INFO | Finished. Execution duration: 14.548 seconds
2026-01-03 15:01:35,198 | INFO | ------------------------------------------------------------
2026-01-03 15:01:35,198 | INFO | Started
2026-01-03 15:01:37,100 | INFO | Folder selected: W:/Thunderbird_start_23_10_04 - kopia
2026-01-03 15:02:07,396 | INFO | ------------------------------------------------------------
2026-01-03 15:02:07,396 | INFO | Started
2026-01-03 15:02:23,959 | INFO | Folder selected: W:/Thunderbird_start_23_10_04 - kopia
2026-01-03 15:02:38,531 | INFO | Backup created: W:\Plugga\2024-2025\BI\Python\Thunderbird_Deduper\mail_folder_backups\ThunderB_Mail_Folder_Backup_20260103_15_02_23.zip
2026-01-03 15:02:41,552 | INFO | Total duplicate messages deleted across all mailboxes: 0
2026-01-03 15:02:41,554 | INFO | Finished. Execution duration: 17.634 seconds
2026-01-03 15:14:41,907 | INFO | ------------------------------------------------------------
2026-01-03 15:14:41,907 | INFO | Started
2026-01-03 15:15:13,367 | INFO | Folder selected: W:/Thunderbird_start_23_10_04 - kopia
2026-01-03 15:15:25,611 | INFO | Backup created: W:\Plugga\2024-2025\BI\Python\Thunderbird_Deduper\mail_folder_backups\ThunderB_Mail_Folder_Backup_20260103_15_15_13.zip
2026-01-03 15:15:25,612 | CRITICAL | Uncaught exception
TypeError: check_thunderbird() missing 1 required positional argument: 'self'
2026-01-03 15:15:28,272 | INFO | Total duplicate messages deleted across all mailboxes: 0
2026-01-03 15:15:28,273 | INFO | Finished. Execution duration: 14.978 seconds
2026-01-03 15:15:28,302 | CRITICAL | Uncaught exception
TypeError: check_thunderbird() missing 1 required positional argument: 'self'
2026-01-03 15:17:02,912 | INFO | ------------------------------------------------------------
2026-01-03 15:17:02,912 | INFO | Started
2026-01-03 15:17:04,677 | CRITICAL | Uncaught exception
Traceback (most recent call last):
  File "w:\Plugga\2024-2025\BI\Python\Thunderbird_Deduper\app_gui.py", line 233, in start_scan
    self.thunderbird_timer.timeout.connect(self.check_thunderbird)
                                           ^^^^^^^^^^^^^^^^^^^^^^
AttributeError: 'MainWindow' object has no attribute 'check_thunderbird'
2026-01-03 15:17:09,150 | CRITICAL | Uncaught exception
Traceback (most recent call last):
  File "w:\Plugga\2024-2025\BI\Python\Thunderbird_Deduper\app_gui.py", line 233, in start_scan
    self.thunderbird_timer.timeout.connect(self.check_thunderbird)
                                           ^^^^^^^^^^^^^^^^^^^^^^
AttributeError: 'MainWindow' object has no attribute 'check_thunderbird'
2026-01-03 15:18:43,567 | INFO | ------------------------------------------------------------
2026-01-03 15:18:43,567 | INFO | Started
2026-01-03 15:18:45,957 | CRITICAL | Uncaught exception
Traceback (most recent call last):
  File "w:\Plugga\2024-2025\BI\Python\Thunderbird_Deduper\app_gui.py", line 233, in start_scan
    self.thunderbird_timer.timeout.connect(self.check_thunderbird())
                                           ^^^^^^^^^^^^^^^^^^^^^^
AttributeError: 'MainWindow' object has no attribute 'check_thunderbird'
2026-01-03 15:23:20,706 | INFO | ------------------------------------------------------------
2026-01-03 15:23:20,706 | INFO | Started
2026-01-03 15:23:22,779 | CRITICAL | Uncaught exception
Traceback (most recent call last):
  File "w:\Plugga\2024-2025\BI\Python\Thunderbird_Deduper\app_gui.py", line 244, in start_scan
    self.continue_button = self.msg_box.addButton(
                           ^^^^^^^^^^^^
AttributeError: 'MainWindow' object has no attribute 'msg_box'
2026-01-03 15:26:58,146 | INFO | ------------------------------------------------------------
2026-01-03 15:26:58,146 | INFO | Started
2026-01-03 15:27:00,060 | CRITICAL | Uncaught exception
Traceback (most recent call last):
  File "w:\Plugga\2024-2025\BI\Python\Thunderbird_Deduper\app_gui.py", line 234, in start_scan
    self.thunderbird_timer.timeout.connect(self.check_thunderbird)
                                           ^^^^^^^^^^^^^^^^^^^^^^
AttributeError: 'MainWindow' object has no attribute 'check_thunderbird'
2026-01-03 15:32:12,743 | INFO | ------------------------------------------------------------
2026-01-03 15:32:12,744 | INFO | Started
2026-01-03 15:32:58,229 | CRITICAL | Uncaught exception
Traceback (most recent call last):
  File "W:\Plugga\2024-2025\BI\Python\Thunderbird_Deduper\app_gui.py", line 234, in start_scan
    self.thunderbird_timer.timeout.connect(self.check_thunderbird)
                                           ^^^^^^^^^^^^^^^^^^^^^^
AttributeError: 'MainWindow' object has no attribute 'check_thunderbird'
2026-01-03 15:35:05,535 | INFO | ------------------------------------------------------------
2026-01-03 15:35:05,536 | INFO | Started
2026-01-03 15:36:30,673 | CRITICAL | Uncaught exception
Traceback (most recent call last):
  File "W:\Plugga\2024-2025\BI\Python\Thunderbird_Deduper\app_gui.py", line 169, in check_thunderbird
    self.continue_button.setEnabled(True)
    ^^^^^^^^^^^^^^^^^^^^
AttributeError: 'MainWindow' object has no attribute 'continue_button'
2026-01-03 15:36:30,745 | INFO | Folder selected: W:/Thunderbird_start_23_10_04 - kopia
2026-01-03 15:36:43,311 | INFO | Backup created: W:\Plugga\2024-2025\BI\Python\Thunderbird_Deduper\mail_folder_backups\ThunderB_Mail_Folder_Backup_20260103_15_36_30.zip
2026-01-03 15:37:14,581 | INFO | ------------------------------------------------------------
2026-01-03 15:37:14,581 | INFO | Started
2026-01-03 15:37:16,791 | INFO | Folder selected: W:/Thunderbird_start_23_10_04 - kopia
2026-01-03 15:37:29,365 | INFO | Backup created: W:\Plugga\2024-2025\BI\Python\Thunderbird_Deduper\mail_folder_backups\ThunderB_Mail_Folder_Backup_20260103_15_37_16.zip
2026-01-03 15:37:29,386 | CRITICAL | Uncaught exception
Traceback (most recent call last):
  File "w:\Plugga\2024-2025\BI\Python\Thunderbird_Deduper\app_gui.py", line 169, in check_thunderbird
    self.continue_button.setEnabled(True)
    ^^^^^^^^^^^^^^^^^^^^
AttributeError: 'MainWindow' object has no attribute 'continue_button'
2026-01-03 15:37:32,003 | INFO | Total duplicate messages deleted across all mailboxes: 0
2026-01-03 15:37:32,004 | INFO | Finished. Execution duration: 15.244 seconds
2026-01-03 15:37:49,496 | INFO | ------------------------------------------------------------
2026-01-03 15:37:49,496 | INFO | Started
2026-01-03 15:37:51,902 | INFO | Folder selected: W:/Thunderbird_start_23_10_04 - kopia
2026-01-03 15:38:04,250 | INFO | Backup created: W:\Plugga\2024-2025\BI\Python\Thunderbird_Deduper\mail_folder_backups\ThunderB_Mail_Folder_Backup_20260103_15_37_51.zip
2026-01-03 15:38:06,449 | INFO | Total duplicate messages deleted across all mailboxes: 0
2026-01-03 15:38:06,450 | INFO | Finished. Execution duration: 14.593 seconds
2026-01-03 15:38:18,165 | INFO | ------------------------------------------------------------
2026-01-03 15:38:18,167 | INFO | Started
2026-01-03 15:38:52,225 | INFO | Folder selected: W:/Thunderbird_start_23_10_04 - kopia
2026-01-03 15:39:05,441 | INFO | Backup created: W:\Plugga\2024-2025\BI\Python\Thunderbird_Deduper\mail_folder_backups\ThunderB_Mail_Folder_Backup_20260103_15_38_52.zip
2026-01-03 15:39:08,980 | INFO | Total duplicate messages deleted across all mailboxes: 0
2026-01-03 15:39:08,982 | INFO | Finished. Execution duration: 18.939 seconds
2026-01-03 15:40:48,114 | INFO | ------------------------------------------------------------
2026-01-03 15:40:48,115 | INFO | Started
2026-01-03 15:47:17,693 | INFO | ------------------------------------------------------------
2026-01-03 15:47:17,693 | INFO | Started
2026-01-03 15:47:20,022 | INFO | Folder selected: W:/Thunderbird_start_23_10_04 - kopia
2026-01-03 15:47:32,950 | INFO | Backup created: W:\Plugga\2024-2025\BI\Python\Thunderbird_Deduper\mail_folder_backups\ThunderB_Mail_Folder_Backup_20260103_15_47_20.zip
2026-01-03 15:47:35,745 | INFO | Total duplicate messages deleted across all mailboxes: 0
2026-01-03 15:47:35,747 | INFO | Finished. Execution duration: 15.773 seconds
2026-01-03 15:49:46,914 | INFO | ------------------------------------------------------------
2026-01-03 15:49:46,914 | INFO | Started
2026-01-03 15:49:49,451 | INFO | Folder selected: W:/Thunderbird_start_23_10_04 - kopia
2026-01-03 15:50:01,564 | INFO | Backup created: W:\Plugga\2024-2025\BI\Python\Thunderbird_Deduper\mail_folder_backups\ThunderB_Mail_Folder_Backup_20260103_15_49_49.zip
2026-01-03 15:50:04,341 | INFO | Total duplicate messages deleted across all mailboxes: 0
2026-01-03 15:50:04,343 | INFO | Finished. Execution duration: 14.933 seconds
2026-01-03 15:51:29,945 | INFO | ------------------------------------------------------------
2026-01-03 15:51:29,945 | INFO | Started
2026-01-03 15:51:31,856 | INFO | Folder selected: W:/Thunderbird_start_23_10_04 - kopia
2026-01-03 15:51:43,882 | INFO | Backup created: W:\Plugga\2024-2025\BI\Python\Thunderbird_Deduper\mail_folder_backups\ThunderB_Mail_Folder_Backup_20260103_15_51_31.zip
2026-01-03 15:51:46,218 | INFO | Total duplicate messages deleted across all mailboxes: 0
2026-01-03 15:51:46,221 | INFO | Finished. Execution duration: 14.409 seconds
2026-01-03 15:51:52,692 | INFO | ------------------------------------------------------------
2026-01-03 15:51:52,692 | INFO | Started
2026-01-03 15:51:55,030 | INFO | Folder selected: W:/Thunderbird_start_23_10_04 - kopia
2026-01-03 15:52:07,905 | INFO | Backup created: W:\Plugga\2024-2025\BI\Python\Thunderbird_Deduper\mail_folder_backups\ThunderB_Mail_Folder_Backup_20260103_15_51_55.zip
2026-01-03 15:52:10,509 | INFO | Total duplicate messages deleted across all mailboxes: 0
2026-01-03 15:52:10,510 | INFO | Finished. Execution duration: 15.527 seconds
2026-01-03 15:53:11,970 | INFO | ------------------------------------------------------------
2026-01-03 15:53:11,970 | INFO | Started
2026-01-03 15:53:14,110 | INFO | Folder selected: W:/Thunderbird_start_23_10_04 - kopia
2026-01-03 15:53:27,190 | INFO | Backup created: W:\Plugga\2024-2025\BI\Python\Thunderbird_Deduper\mail_folder_backups\ThunderB_Mail_Folder_Backup_20260103_15_53_14.zip
2026-01-03 15:53:29,947 | INFO | Total duplicate messages deleted across all mailboxes: 0
2026-01-03 15:53:29,950 | INFO | Finished. Execution duration: 15.873 seconds
2026-01-03 15:57:00,502 | INFO | ------------------------------------------------------------
2026-01-03 15:57:00,502 | INFO | Started
2026-01-03 15:57:02,751 | INFO | Folder selected: W:/Thunderbird_start_23_10_04 - kopia
2026-01-03 15:57:14,680 | INFO | Backup created: W:\Plugga\2024-2025\BI\Python\Thunderbird_Deduper\mail_folder_backups\ThunderB_Mail_Folder_Backup_20260103_15_57_02.zip
2026-01-03 15:57:16,927 | INFO | Total duplicate messages deleted across all mailboxes: 0
2026-01-03 15:57:16,928 | INFO | Finished. Execution duration: 14.209 seconds
2026-01-03 15:59:10,644 | INFO | ------------------------------------------------------------
Started Thunderbird Duplicate Email Remover
2026-01-03 15:59:12,753 | INFO | Folder selected: W:/Thunderbird_start_23_10_04 - kopia
2026-01-03 15:59:25,238 | INFO | Backup created: W:\Plugga\2024-2025\BI\Python\Thunderbird_Deduper\mail_folder_backups\ThunderB_Mail_Folder_Backup_20260103_15_59_12.zip
2026-01-03 15:59:27,695 | INFO | Total duplicate messages deleted across all mailboxes: 0
2026-01-03 15:59:27,697 | INFO | Finished. Execution duration: 14.978 seconds
2026-01-03 16:00:11,471 | INFO | ------------------------------------------------------------
2026-01-03 16:00:11,471 | INFO | Started Thunderbird Duplicate Email Remover.
2026-01-03 16:00:13,891 | INFO | Folder selected: W:/Thunderbird_start_23_10_04 - kopia
2026-01-03 16:00:26,874 | INFO | Backup created: W:\Plugga\2024-2025\BI\Python\Thunderbird_Deduper\mail_folder_backups\ThunderB_Mail_Folder_Backup_20260103_16_00_13.zip
2026-01-03 16:00:29,205 | INFO | Total duplicate messages deleted across all mailboxes: 0
2026-01-03 16:00:29,207 | INFO | Finished. Execution duration: 15.351 seconds
